Invalid input for Test 1: Matrix should be square (number of rows should be equal to number of columns)

Invalid input for Test 2: Matrix should be square (number of rows should be equal to number of columns)

16	23	17	4
5	24	7	18
22	19	20	9
10	1	8	15
Test case 3: False

1	14	15	4
12	6	7	9
8	10	11	5
13	3	2	16
Test case 4: False

Invalid input for Test 5: Matrix should be square (number of rows should be equal to number of columns)

17	24	1	8	15
23	5	7	14	16
4	6	13	20	22
10	12	19	21	3
11	18	25	2	9
Test case 6: True (Sum: 65)
Row Sums: [65, 65, 65, 65, 65]
Column Sums: [65, 65, 65, 65, 65]
Diagonal Sums: [65, 65]

35	1	6	26	19	24
3	32	7	21	23	25
31	9	2	22	27	20
8	28	33	17	10	15
30	5	34	12	14	16
4	36	29	13	18	11
Test case 7: True (Sum: 111)
Row Sums: [111, 111, 111, 111, 111, 111]
Column Sums: [111, 111, 111, 111, 111, 111]
Diagonal Sums: [111, 111]

23	56	38	29	20	11
59	41	32	13	4	25
42	24	15	6	27	18
25	16	47	39	30	21
18	9	60	51	33	14
8	49	40	31	22	53
Test case 8: False

30	39	48	1	10	19	28
38	47	7	9	18	27	29
46	6	8	17	26	35	37
5	14	16	25	34	36	45
13	15	24	33	42	44	4
21	23	32	41	43	3	12
22	31	40	49	2	11	20
Test case 9: True (Sum: 175)
Row Sums: [175, 175, 175, 175, 175, 175, 175]
Column Sums: [175, 175, 175, 175, 175, 175, 175]
Diagonal Sums: [175, 175]

16	23	17	47	54	38	31
24	56	40	3	9	17	49
32	2	8	58	1	25	33
40	48	57	15	22	6	14
7	14	21	27	35	42	50
15	22	29	36	43	51	13
23	30	37	44	52	11	19
Test case 10: False

